This file contains any messages produced by compilers while
running configure, to aid debugging if configure makes a mistake.

It was created by GNU C Runtime Library configure 1.0, which was
generated by GNU Autoconf 2.59.  Invocation command line was

  $ /home/lee/.emacs.d/plugins/gcc-code-assist-0.1-4.4.4/libgcc/configure --cache-file=./config.cache --disable-bootstrap --disable-multilib --enable-languages=c,c++ --program-transform-name=s,$,-code-assist, --with-target-subdir=i686-pc-linux-gnu --build=i686-pc-linux-gnu --host=i686-pc-linux-gnu --target=i686-pc-linux-gnu --srcdir=../.././libgcc

## --------- ##
## Platform. ##
## --------- ##

hostname = Machine
uname -m = i686
uname -r = 3.2.0-48-generic-pae
uname -s = Linux
uname -v = #74-Ubuntu SMP Thu Jun 6 20:05:01 UTC 2013

/usr/bin/uname -p = unknown
/bin/uname -X     = unknown

/bin/arch              = unknown
/usr/bin/arch -k       = unknown
/usr/convex/getsysinfo = unknown
hostinfo               = unknown
/bin/machine           = unknown
/usr/bin/oslevel       = unknown
/bin/universe          = unknown

PATH: /usr/lib/lightdm/lightdm
PATH: /usr/local/sbin
PATH: /usr/local/bin
PATH: /usr/sbin
PATH: /usr/bin
PATH: /sbin
PATH: /bin
PATH: /usr/games


## ----------- ##
## Core tests. ##
## ----------- ##

configure:1191: loading cache ./config.cache
configure:1388: checking for --enable-version-specific-runtime-libs
configure:1403: result: no
configure:1435: checking for a BSD-compatible install
configure:1490: result: /usr/bin/install -c
configure:1506: checking for gawk
configure:1532: result: mawk
configure:1555: checking build system type
configure:1573: result: i686-pc-linux-gnu
configure:1581: checking host system type
configure:1595: result: i686-pc-linux-gnu
configure:1654: checking for i686-pc-linux-gnu-ar
configure:1680: result: ar
configure:1733: checking for i686-pc-linux-gnu-lipo
configure:1759: result: lipo
configure:1813: checking for i686-pc-linux-gnu-nm
configure:1839: result: /home/lee/.emacs.d/plugins/gcc-code-assist-0.1-4.4.4/host-i686-pc-linux-gnu/gcc/nm
configure:1892: checking for i686-pc-linux-gnu-ranlib
configure:1918: result: ranlib
configure:1972: checking for i686-pc-linux-gnu-strip
configure:1998: result: strip
configure:2049: checking whether ln -s works
configure:2053: result: yes
configure:2070: checking for i686-pc-linux-gnu-gcc
configure:2096: result: /home/lee/.emacs.d/plugins/gcc-code-assist-0.1-4.4.4/host-i686-pc-linux-gnu/gcc/xgcc -B/home/lee/.emacs.d/plugins/gcc-code-assist-0.1-4.4.4/host-i686-pc-linux-gnu/gcc/ -B/usr/local/i686-pc-linux-gnu/bin/ -B/usr/local/i686-pc-linux-gnu/lib/ -isystem /usr/local/i686-pc-linux-gnu/include -isystem /usr/local/i686-pc-linux-gnu/sys-include
configure:2380: checking for C compiler version
configure:2383: /home/lee/.emacs.d/plugins/gcc-code-assist-0.1-4.4.4/host-i686-pc-linux-gnu/gcc/xgcc -B/home/lee/.emacs.d/plugins/gcc-code-assist-0.1-4.4.4/host-i686-pc-linux-gnu/gcc/ -B/usr/local/i686-pc-linux-gnu/bin/ -B/usr/local/i686-pc-linux-gnu/lib/ -isystem /usr/local/i686-pc-linux-gnu/include -isystem /usr/local/i686-pc-linux-gnu/sys-include --version </dev/null >&5
xgcc (GCC) 4.4.4 20100320 (prerelease)
Copyright (C) 2010 Free Software Foundation, Inc.
This is free software; see the source for copying conditions.  There is NO
warranty; not even for MERCHANTABILITY or FITNESS FOR A PARTICULAR PURPOSE.

configure:2386: $? = 0
configure:2388: /home/lee/.emacs.d/plugins/gcc-code-assist-0.1-4.4.4/host-i686-pc-linux-gnu/gcc/xgcc -B/home/lee/.emacs.d/plugins/gcc-code-assist-0.1-4.4.4/host-i686-pc-linux-gnu/gcc/ -B/usr/local/i686-pc-linux-gnu/bin/ -B/usr/local/i686-pc-linux-gnu/lib/ -isystem /usr/local/i686-pc-linux-gnu/include -isystem /usr/local/i686-pc-linux-gnu/sys-include -v </dev/null >&5
Reading specs from /home/lee/.emacs.d/plugins/gcc-code-assist-0.1-4.4.4/host-i686-pc-linux-gnu/gcc/specs
Target: i686-pc-linux-gnu
Configured with: ./configure --program-suffix=-code-assist --enable-languages=c,c++ --disable-bootstrap --disable-multilib
Thread model: posix
gcc version 4.4.4 20100320 (prerelease) (GCC) 
configure:2391: $? = 0
configure:2393: /home/lee/.emacs.d/plugins/gcc-code-assist-0.1-4.4.4/host-i686-pc-linux-gnu/gcc/xgcc -B/home/lee/.emacs.d/plugins/gcc-code-assist-0.1-4.4.4/host-i686-pc-linux-gnu/gcc/ -B/usr/local/i686-pc-linux-gnu/bin/ -B/usr/local/i686-pc-linux-gnu/lib/ -isystem /usr/local/i686-pc-linux-gnu/include -isystem /usr/local/i686-pc-linux-gnu/sys-include -V </dev/null >&5
xgcc: '-V' must come at the start of the command line
configure:2396: $? = 1
configure:2415: /home/lee/.emacs.d/plugins/gcc-code-assist-0.1-4.4.4/host-i686-pc-linux-gnu/gcc/xgcc -B/home/lee/.emacs.d/plugins/gcc-code-assist-0.1-4.4.4/host-i686-pc-linux-gnu/gcc/ -B/usr/local/i686-pc-linux-gnu/bin/ -B/usr/local/i686-pc-linux-gnu/lib/ -isystem /usr/local/i686-pc-linux-gnu/include -isystem /usr/local/i686-pc-linux-gnu/sys-include -o conftest -g -O2     conftest.c  >&5
/usr/bin/ld: cannot find crt1.o: No such file or directory
/usr/bin/ld: cannot find crti.o: No such file or directory
/usr/bin/ld: cannot find crtbegin.o: No such file or directory
/usr/bin/ld: cannot find -lgcc
/usr/bin/ld: cannot find -lgcc_s
collect2: ld returned 1 exit status
configure:2418: $? = 1
configure:2590: checking for suffix of object files
configure:2638: result: o
configure:2642: checking whether we are using the GNU C compiler
configure:2698: result: yes
configure:2704: checking whether /home/lee/.emacs.d/plugins/gcc-code-assist-0.1-4.4.4/host-i686-pc-linux-gnu/gcc/xgcc -B/home/lee/.emacs.d/plugins/gcc-code-assist-0.1-4.4.4/host-i686-pc-linux-gnu/gcc/ -B/usr/local/i686-pc-linux-gnu/bin/ -B/usr/local/i686-pc-linux-gnu/lib/ -isystem /usr/local/i686-pc-linux-gnu/include -isystem /usr/local/i686-pc-linux-gnu/sys-include accepts -g
configure:2755: result: yes
configure:2772: checking for /home/lee/.emacs.d/plugins/gcc-code-assist-0.1-4.4.4/host-i686-pc-linux-gnu/gcc/xgcc -B/home/lee/.emacs.d/plugins/gcc-code-assist-0.1-4.4.4/host-i686-pc-linux-gnu/gcc/ -B/usr/local/i686-pc-linux-gnu/bin/ -B/usr/local/i686-pc-linux-gnu/lib/ -isystem /usr/local/i686-pc-linux-gnu/include -isystem /usr/local/i686-pc-linux-gnu/sys-include option to accept ANSI C
configure:2879: result: none needed
configure:2897: /home/lee/.emacs.d/plugins/gcc-code-assist-0.1-4.4.4/host-i686-pc-linux-gnu/gcc/xgcc -B/home/lee/.emacs.d/plugins/gcc-code-assist-0.1-4.4.4/host-i686-pc-linux-gnu/gcc/ -B/usr/local/i686-pc-linux-gnu/bin/ -B/usr/local/i686-pc-linux-gnu/lib/ -isystem /usr/local/i686-pc-linux-gnu/include -isystem /usr/local/i686-pc-linux-gnu/sys-include -c -g -O2    conftest.c >&5
conftest.c:2: error: expected '=', ',', ';', 'asm' or '__attribute__' before 'me'
configure:2903: $? = 1
configure: failed program was:
| #ifndef __cplusplus
|   choke me
| #endif
configure:3041: checking how to run the C preprocessor
configure:3159: result: /lib/cpp
configure:3183: /lib/cpp  conftest.c
configure:3189: $? = 0
configure:3221: /lib/cpp  conftest.c
conftest.c:9:28: fatal error: ac_nonexistent.h: No such file or directory
compilation terminated.
configure:3227: $? = 1
configure: failed program was:
| /* confdefs.h.  */
| 
| #define PACKAGE_NAME "GNU C Runtime Library"
| #define PACKAGE_TARNAME "libgcc"
| #define PACKAGE_VERSION "1.0"
| #define PACKAGE_STRING "GNU C Runtime Library 1.0"
| #define PACKAGE_BUGREPORT ""
| /* end confdefs.h.  */
| #include <ac_nonexistent.h>
configure:3277: checking whether decimal floating point is supported
configure:3316: result: yes
configure:3361: checking whether fixed-point is supported
configure:3400: result: no
configure:3450: checking for __attribute__((visibility("hidden")))
configure:3471: result: yes
configure:3501: checking whether the target assembler supports thread-local storage
configure:3542: result: yes
configure:3697: creating ./config.status

## ---------------------- ##
## Running config.status. ##
## ---------------------- ##

This file was extended by GNU C Runtime Library config.status 1.0, which was
generated by GNU Autoconf 2.59.  Invocation command line was

  CONFIG_FILES    = 
  CONFIG_HEADERS  = 
  CONFIG_LINKS    = 
  CONFIG_COMMANDS = 
  $ ./config.status 

on Machine

config.status:696: creating Makefile
config.status:872: executing default commands

## ---------------- ##
## Cache variables. ##
## ---------------- ##

ac_cv_build=i686-pc-linux-gnu
ac_cv_build_alias=i686-pc-linux-gnu
ac_cv_c_compiler_gnu=yes
ac_cv_env_CC_set=set
ac_cv_env_CC_value='/home/lee/.emacs.d/plugins/gcc-code-assist-0.1-4.4.4/host-i686-pc-linux-gnu/gcc/xgcc -B/home/lee/.emacs.d/plugins/gcc-code-assist-0.1-4.4.4/host-i686-pc-linux-gnu/gcc/ -B/usr/local/i686-pc-linux-gnu/bin/ -B/usr/local/i686-pc-linux-gnu/lib/ -isystem /usr/local/i686-pc-linux-gnu/include -isystem /usr/local/i686-pc-linux-gnu/sys-include'
ac_cv_env_CFLAGS_set=set
ac_cv_env_CFLAGS_value='-g -O2  '
ac_cv_env_CPPFLAGS_set=set
ac_cv_env_CPPFLAGS_value=
ac_cv_env_CPP_set=
ac_cv_env_CPP_value=
ac_cv_env_LDFLAGS_set=set
ac_cv_env_LDFLAGS_value=
ac_cv_env_build_alias_set=set
ac_cv_env_build_alias_value=i686-pc-linux-gnu
ac_cv_env_host_alias_set=set
ac_cv_env_host_alias_value=i686-pc-linux-gnu
ac_cv_env_target_alias_set=set
ac_cv_env_target_alias_value=i686-pc-linux-gnu
ac_cv_host=i686-pc-linux-gnu
ac_cv_host_alias=i686-pc-linux-gnu
ac_cv_objext=o
ac_cv_prog_AR=ar
ac_cv_prog_AWK=mawk
ac_cv_prog_CC='/home/lee/.emacs.d/plugins/gcc-code-assist-0.1-4.4.4/host-i686-pc-linux-gnu/gcc/xgcc -B/home/lee/.emacs.d/plugins/gcc-code-assist-0.1-4.4.4/host-i686-pc-linux-gnu/gcc/ -B/usr/local/i686-pc-linux-gnu/bin/ -B/usr/local/i686-pc-linux-gnu/lib/ -isystem /usr/local/i686-pc-linux-gnu/include -isystem /usr/local/i686-pc-linux-gnu/sys-include'
ac_cv_prog_CPP=/lib/cpp
ac_cv_prog_LIPO=lipo
ac_cv_prog_NM=/home/lee/.emacs.d/plugins/gcc-code-assist-0.1-4.4.4/host-i686-pc-linux-gnu/gcc/nm
ac_cv_prog_RANLIB=ranlib
ac_cv_prog_STRIP=strip
ac_cv_prog_cc_g=yes
ac_cv_prog_cc_stdc=no
gcc_cv_have_cc_tls=yes
libgcc_cv_dfp=yes
libgcc_cv_fixed_point=no
libgcc_cv_hidden_visibility_attribute=yes

## ----------------- ##
## Output variables. ##
## ----------------- ##

AR='ar'
AWK='mawk'
CC='/home/lee/.emacs.d/plugins/gcc-code-assist-0.1-4.4.4/host-i686-pc-linux-gnu/gcc/xgcc -B/home/lee/.emacs.d/plugins/gcc-code-assist-0.1-4.4.4/host-i686-pc-linux-gnu/gcc/ -B/usr/local/i686-pc-linux-gnu/bin/ -B/usr/local/i686-pc-linux-gnu/lib/ -isystem /usr/local/i686-pc-linux-gnu/include -isystem /usr/local/i686-pc-linux-gnu/sys-include'
CFLAGS='-g -O2  '
CPP='/lib/cpp'
CPPFLAGS=''
DEFS='-DPACKAGE_NAME=\"GNU\ C\ Runtime\ Library\" -DPACKAGE_TARNAME=\"libgcc\" -DPACKAGE_VERSION=\"1.0\" -DPACKAGE_STRING=\"GNU\ C\ Runtime\ Library\ 1.0\" -DPACKAGE_BUGREPORT=\"\" '
ECHO_C=''
ECHO_N='-n'
ECHO_T=''
EXEEXT=''
INSTALL_DATA='/usr/bin/install -c -m 644'
INSTALL_PROGRAM='/usr/bin/install -c'
INSTALL_SCRIPT='/usr/bin/install -c'
LDFLAGS=''
LIBOBJS=''
LIBS=''
LIPO='lipo'
LN_S='ln -s'
LTLIBOBJS=''
NM='/home/lee/.emacs.d/plugins/gcc-code-assist-0.1-4.4.4/host-i686-pc-linux-gnu/gcc/nm'
OBJEXT='o'
PACKAGE_BUGREPORT=''
PACKAGE_NAME='GNU C Runtime Library'
PACKAGE_STRING='GNU C Runtime Library 1.0'
PACKAGE_TARNAME='libgcc'
PACKAGE_VERSION='1.0'
PATH_SEPARATOR=':'
RANLIB='ranlib'
SHELL='/bin/bash'
STRIP='strip'
ac_ct_AR=''
ac_ct_CC=''
ac_ct_LIPO=''
ac_ct_NM=''
ac_ct_RANLIB=''
ac_ct_STRIP=''
asm_hidden_op='.hidden'
bindir='${exec_prefix}/bin'
build='i686-pc-linux-gnu'
build_alias='i686-pc-linux-gnu'
build_cpu='i686'
build_libsubdir='build-i686-pc-linux-gnu'
build_os='linux-gnu'
build_subdir='build-i686-pc-linux-gnu'
build_vendor='pc'
datadir='${prefix}/share'
decimal_float='yes'
enable_decimal_float='bid'
enable_shared='yes'
exec_prefix='${prefix}'
extra_parts='crtbegin.o crtbeginS.o crtbeginT.o crtend.o crtendS.o crtprec32.o crtprec64.o crtprec80.o crtfastmath.o'
fixed_point='no'
host='i686-pc-linux-gnu'
host_alias='i686-pc-linux-gnu'
host_cpu='i686'
host_noncanonical='i686-pc-linux-gnu'
host_os='linux-gnu'
host_subdir='host-i686-pc-linux-gnu'
host_vendor='pc'
includedir='${prefix}/include'
infodir='${prefix}/info'
libdir='${exec_prefix}/lib'
libexecdir='${exec_prefix}/libexec'
libgcc_topdir='../.././libgcc/..'
localstatedir='${prefix}/var'
mandir='${prefix}/man'
oldincludedir='/usr/include'
prefix='/usr/local'
program_transform_name='s,$,-code-assist,'
sbindir='${exec_prefix}/sbin'
set_have_cc_tls='-DHAVE_CC_TLS'
sharedstatedir='${prefix}/com'
slibdir='$(libdir)'
sysconfdir='${prefix}/etc'
target_alias='i686-pc-linux-gnu'
target_subdir='i686-pc-linux-gnu'
tmake_file=' $(srcdir)/config/i386/t-crtpc $(srcdir)/config/i386/t-crtfm $(srcdir)/config/t-tls $(srcdir)/config/t-softfp $(srcdir)/config/i386/32/t-fprules-softfp'
vis_hide='-fvisibility=hidden -DHIDE_EXPORTS'

## ----------- ##
## confdefs.h. ##
## ----------- ##

#define PACKAGE_BUGREPORT ""
#define PACKAGE_NAME "GNU C Runtime Library"
#define PACKAGE_STRING "GNU C Runtime Library 1.0"
#define PACKAGE_TARNAME "libgcc"
#define PACKAGE_VERSION "1.0"

configure: exit 0
