This file contains any messages produced by compilers while
running configure, to aid debugging if configure makes a mistake.

It was created by configure, which was
generated by GNU Autoconf 2.59.  Invocation command line was

  $ /home/lee/.emacs.d/plugins/gcc-code-assist-0.1-4.4.4/libiberty/configure --cache-file=../config.cache --disable-bootstrap --disable-multilib --enable-languages=c,c++ --program-transform-name=s,$,-code-assist, --with-build-subdir=build-i686-pc-linux-gnu --build=i686-pc-linux-gnu --host=i686-pc-linux-gnu --target=i686-pc-linux-gnu --srcdir=../.././libiberty

## --------- ##
## Platform. ##
## --------- ##

hostname = Machine
uname -m = i686
uname -r = 3.2.0-48-generic-pae
uname -s = Linux
uname -v = #74-Ubuntu SMP Thu Jun 6 20:05:01 UTC 2013

/usr/bin/uname -p = unknown
/bin/uname -X     = unknown

/bin/arch              = unknown
/usr/bin/arch -k       = unknown
/usr/convex/getsysinfo = unknown
hostinfo               = unknown
/bin/machine           = unknown
/usr/bin/oslevel       = unknown
/bin/universe          = unknown

PATH: /usr/lib/lightdm/lightdm
PATH: /usr/local/sbin
PATH: /usr/local/bin
PATH: /usr/sbin
PATH: /usr/bin
PATH: /sbin
PATH: /bin
PATH: /usr/games


## ----------- ##
## Core tests. ##
## ----------- ##

configure:1222: loading cache ../config.cache
configure:1401: checking whether to enable maintainer-specific portions of Makefiles
configure:1411: result: no
configure:1426: checking for makeinfo
configure:1452: result: /home/lee/.emacs.d/plugins/gcc-code-assist-0.1-4.4.4/missing makeinfo --split-size=5000000
configure:1468: WARNING:
*** Makeinfo is missing. Info documentation will not be built.
configure:1491: checking for perl
configure:1517: result: perl
configure:1537: checking build system type
configure:1555: result: i686-pc-linux-gnu
configure:1563: checking host system type
configure:1577: result: i686-pc-linux-gnu
configure:1590: checking for i686-pc-linux-gnu-ar
configure:1616: result: ar
configure:1669: checking for i686-pc-linux-gnu-ranlib
configure:1695: result: ranlib
configure:1779: checking for i686-pc-linux-gnu-gcc
configure:1805: result: gcc
configure:2089: checking for C compiler version
configure:2092: gcc --version </dev/null >&5
gcc (Ubuntu/Linaro 4.6.3-1ubuntu5) 4.6.3
Copyright (C) 2011 Free Software Foundation, Inc.
This is free software; see the source for copying conditions.  There is NO
warranty; not even for MERCHANTABILITY or FITNESS FOR A PARTICULAR PURPOSE.

configure:2095: $? = 0
configure:2097: gcc -v </dev/null >&5
Using built-in specs.
COLLECT_GCC=gcc
COLLECT_LTO_WRAPPER=/usr/lib/gcc/i686-linux-gnu/4.6/lto-wrapper
Target: i686-linux-gnu
Configured with: ../src/configure -v --with-pkgversion='Ubuntu/Linaro 4.6.3-1ubuntu5' --with-bugurl=file:///usr/share/doc/gcc-4.6/README.Bugs --enable-languages=c,c++,fortran,objc,obj-c++ --prefix=/usr --program-suffix=-4.6 --enable-shared --enable-linker-build-id --with-system-zlib --libexecdir=/usr/lib --without-included-gettext --enable-threads=posix --with-gxx-include-dir=/usr/include/c++/4.6 --libdir=/usr/lib --enable-nls --with-sysroot=/ --enable-clocale=gnu --enable-libstdcxx-debug --enable-libstdcxx-time=yes --enable-gnu-unique-object --enable-plugin --enable-objc-gc --enable-targets=all --disable-werror --with-arch-32=i686 --with-tune=generic --enable-checking=release --build=i686-linux-gnu --host=i686-linux-gnu --target=i686-linux-gnu
Thread model: posix
gcc version 4.6.3 (Ubuntu/Linaro 4.6.3-1ubuntu5) 
configure:2100: $? = 0
configure:2102: gcc -V </dev/null >&5
gcc: error: unrecognized option '-V'
gcc: fatal error: no input files
compilation terminated.
configure:2105: $? = 4
configure:2124: gcc -o conftest -g -O2   conftest.c  >&5
configure:2127: $? = 0
configure:2161: checking for C compiler default output file name
configure:2164: gcc -g -O2   conftest.c  >&5
configure:2167: $? = 0
configure:2215: result: a.out
configure:2220: checking whether the C compiler works
configure:2226: ./a.out
configure:2229: $? = 0
configure:2248: result: yes
configure:2255: checking whether we are cross compiling
configure:2257: result: no
configure:2260: checking for suffix of executables
configure:2262: gcc -o conftest -g -O2   conftest.c  >&5
configure:2265: $? = 0
configure:2292: result: 
configure:2299: checking for suffix of object files
configure:2347: result: o
configure:2351: checking whether we are using the GNU C compiler
configure:2407: result: yes
configure:2413: checking whether gcc accepts -g
configure:2464: result: yes
configure:2481: checking for gcc option to accept ANSI C
configure:2588: result: none needed
configure:2606: gcc -c -g -O2  conftest.c >&5
conftest.c:2:3: error: unknown type name 'choke'
conftest.c:2:3: error: expected '=', ',', ';', 'asm' or '__attribute__' at end of input
configure:2612: $? = 1
configure: failed program was:
| #ifndef __cplusplus
|   choke me
| #endif
configure:2753: checking for special C compiler options needed for large files
configure:2852: result: no
configure:2858: checking for _FILE_OFFSET_BITS value needed for large files
configure:2973: result: 64
configure:2983: checking for _LARGE_FILES value needed for large files
configure:3098: result: no
configure:3115: checking how to run the C preprocessor
configure:3233: result: gcc -E
configure:3257: gcc -E  conftest.c
configure:3263: $? = 0
configure:3295: gcc -E  conftest.c
conftest.c:10:28: fatal error: ac_nonexistent.h: No such file or directory
compilation terminated.
configure:3301: $? = 1
configure: failed program was:
| /* confdefs.h.  */
| 
| #define PACKAGE_NAME ""
| #define PACKAGE_TARNAME ""
| #define PACKAGE_VERSION ""
| #define PACKAGE_STRING ""
| #define PACKAGE_BUGREPORT ""
| #define _FILE_OFFSET_BITS 64
| /* end confdefs.h.  */
| #include <ac_nonexistent.h>
configure:3355: checking whether gcc supports -W
configure:3408: result: yes
configure:3355: checking whether gcc supports -Wall
configure:3408: result: yes
configure:3355: checking whether gcc supports -Wwrite-strings
configure:3408: result: yes
configure:3355: checking whether gcc supports -Wc++-compat
configure:3408: result: yes
configure:3355: checking whether gcc supports -Wstrict-prototypes
configure:3408: result: yes
configure:3418: checking whether gcc supports -pedantic 
configure:3472: result: yes
configure:3484: checking whether gcc and cc understand -c and -o together
configure:3561: result: yes
configure:3582: checking for an ANSI C-conforming const
configure:3679: result: yes
configure:3689: checking for inline
configure:3741: result: inline
configure:3760: checking whether byte ordering is bigendian
configure:3971: result: no
configure:4010: checking for a BSD-compatible install
configure:4065: result: /usr/bin/install -c
configure:4179: checking for sys/file.h
configure:4219: result: yes
configure:4179: checking for sys/param.h
configure:4219: result: yes
configure:4179: checking for limits.h
configure:4219: result: yes
configure:4179: checking for stdlib.h
configure:4219: result: yes
configure:4179: checking for malloc.h
configure:4219: result: yes
configure:4179: checking for string.h
configure:4219: result: yes
configure:4179: checking for unistd.h
configure:4219: result: yes
configure:4179: checking for strings.h
configure:4219: result: yes
configure:4179: checking for sys/time.h
configure:4219: result: yes
configure:4179: checking for time.h
configure:4219: result: yes
configure:4179: checking for sys/resource.h
configure:4219: result: yes
configure:4179: checking for sys/stat.h
configure:4219: result: yes
configure:4179: checking for sys/mman.h
configure:4219: result: yes
configure:4179: checking for fcntl.h
configure:4219: result: yes
configure:4179: checking for alloca.h
configure:4219: result: yes
configure:4179: checking for sys/pstat.h
configure:4219: result: no
configure:4179: checking for sys/sysmp.h
configure:4219: result: no
configure:4179: checking for sys/sysinfo.h
configure:4219: result: yes
configure:4179: checking for machine/hal_sysinfo.h
configure:4219: result: no
configure:4179: checking for sys/table.h
configure:4219: result: no
configure:4179: checking for sys/sysctl.h
configure:4219: result: yes
configure:4179: checking for sys/systemcfg.h
configure:4219: result: no
configure:4179: checking for stdint.h
configure:4219: result: yes
configure:4179: checking for stdio_ext.h
configure:4219: result: yes
configure:4229: checking for sys/wait.h that is POSIX.1 compatible
configure:4290: result: yes
configure:4300: checking whether time.h and sys/time.h may both be included
configure:4355: result: yes
configure:4366: checking whether errno must be declared
configure:4417: result: no
configure:4429: checking for egrep
configure:4439: result: grep -E
configure:4444: checking for ANSI C header files
configure:4600: result: yes
configure:4624: checking for sys/types.h
configure:4664: result: yes
configure:4624: checking for sys/stat.h
configure:4664: result: yes
configure:4624: checking for stdlib.h
configure:4664: result: yes
configure:4624: checking for string.h
configure:4664: result: yes
configure:4624: checking for memory.h
configure:4664: result: yes
configure:4624: checking for strings.h
configure:4664: result: yes
configure:4624: checking for inttypes.h
configure:4664: result: yes
configure:4624: checking for stdint.h
configure:4664: result: yes
configure:4624: checking for unistd.h
configure:4664: result: yes
configure:4675: checking for int
configure:4729: result: yes
configure:4732: checking size of int
configure:5088: result: 4
configure:5096: checking for uintptr_t
configure:5150: result: yes
configure:5164: checking for a 64-bit type
configure:5316: result: uint64_t
configure:5335: checking for pid_t
configure:5389: result: yes
configure:6601: checking for library containing strerror
configure:6730: result: none required
configure:6741: checking for asprintf
configure:6828: result: yes
configure:6741: checking for atexit
configure:6828: result: yes
configure:6741: checking for basename
configure:6828: result: yes
configure:6741: checking for bcmp
configure:6828: result: yes
configure:6741: checking for bcopy
configure:6828: result: yes
configure:6741: checking for bsearch
configure:6828: result: yes
configure:6741: checking for bzero
configure:6828: result: yes
configure:6741: checking for calloc
configure:6828: result: yes
configure:6741: checking for clock
configure:6828: result: yes
configure:6741: checking for ffs
configure:6828: result: yes
configure:6741: checking for getcwd
configure:6828: result: yes
configure:6741: checking for getpagesize
configure:6828: result: yes
configure:6741: checking for gettimeofday
configure:6828: result: yes
configure:6741: checking for index
configure:6828: result: yes
configure:6741: checking for insque
configure:6828: result: yes
configure:6741: checking for memchr
configure:6828: result: yes
configure:6741: checking for memcmp
configure:6828: result: yes
configure:6741: checking for memcpy
configure:6828: result: yes
configure:6741: checking for memmove
configure:6828: result: yes
configure:6741: checking for mempcpy
configure:6828: result: yes
configure:6741: checking for memset
configure:6828: result: yes
configure:6741: checking for mkstemps
configure:6828: result: yes
configure:6741: checking for putenv
configure:6828: result: yes
configure:6741: checking for random
configure:6828: result: yes
configure:6741: checking for rename
configure:6828: result: yes
configure:6741: checking for rindex
configure:6828: result: yes
configure:6741: checking for setenv
configure:6828: result: yes
configure:6741: checking for snprintf
configure:6828: result: yes
configure:6741: checking for sigsetmask
configure:6828: result: yes
configure:6741: checking for stpcpy
configure:6828: result: yes
configure:6741: checking for stpncpy
configure:6828: result: yes
configure:6741: checking for strcasecmp
configure:6828: result: yes
configure:6741: checking for strchr
configure:6828: result: yes
configure:6741: checking for strdup
configure:6828: result: yes
configure:6741: checking for strncasecmp
configure:6828: result: yes
configure:6741: checking for strndup
configure:6828: result: yes
configure:6741: checking for strrchr
configure:6828: result: yes
configure:6741: checking for strstr
configure:6828: result: yes
configure:6741: checking for strtod
configure:6828: result: yes
configure:6741: checking for strtol
configure:6828: result: yes
configure:6741: checking for strtoul
configure:6828: result: yes
configure:6741: checking for strverscmp
configure:6828: result: yes
configure:6741: checking for tmpnam
configure:6828: result: yes
configure:6741: checking for vasprintf
configure:6828: result: yes
configure:6741: checking for vfprintf
configure:6828: result: yes
configure:6741: checking for vprintf
configure:6828: result: yes
configure:6741: checking for vsnprintf
configure:6828: result: yes
configure:6741: checking for vsprintf
configure:6828: result: yes
configure:6741: checking for waitpid
configure:6828: result: yes
configure:6848: checking whether alloca needs Cray hooks
configure:6875: result: no
configure:6980: checking stack direction for C alloca
configure:7034: result: -1
configure:7047: checking for unistd.h
configure:7087: result: yes
configure:7047: checking for vfork.h
configure:7087: result: no
configure:7102: checking for fork
configure:7189: result: yes
configure:7102: checking for vfork
configure:7189: result: yes
configure:7200: checking for working fork
configure:7245: result: yes
configure:7266: checking for working vfork
configure:7399: result: yes
configure:7560: checking for _doprnt
configure:7647: result: no
configure:7660: checking for sys_errlist
configure:7719: result: yes
configure:7660: checking for sys_nerr
configure:7719: result: yes
configure:7660: checking for sys_siglist
configure:7719: result: yes
configure:7734: checking for external symbol _system_configuration
configure:7752: gcc -c -g -O2  conftest.c >&5
conftest.c:102:27: fatal error: sys/systemcfg.h: No such file or directory
compilation terminated.
configure:7758: $? = 1
configure: failed program was:
| /* confdefs.h.  */
| 
| #define PACKAGE_NAME ""
| #define PACKAGE_TARNAME ""
| #define PACKAGE_VERSION ""
| #define PACKAGE_STRING ""
| #define PACKAGE_BUGREPORT ""
| #define _FILE_OFFSET_BITS 64
| #define HAVE_SYS_FILE_H 1
| #define HAVE_SYS_PARAM_H 1
| #define HAVE_LIMITS_H 1
| #define HAVE_STDLIB_H 1
| #define HAVE_MALLOC_H 1
| #define HAVE_STRING_H 1
| #define HAVE_UNISTD_H 1
| #define HAVE_STRINGS_H 1
| #define HAVE_SYS_TIME_H 1
| #define HAVE_TIME_H 1
| #define HAVE_SYS_RESOURCE_H 1
| #define HAVE_SYS_STAT_H 1
| #define HAVE_SYS_MMAN_H 1
| #define HAVE_FCNTL_H 1
| #define HAVE_ALLOCA_H 1
| #define HAVE_SYS_SYSINFO_H 1
| #define HAVE_SYS_SYSCTL_H 1
| #define HAVE_STDINT_H 1
| #define HAVE_STDIO_EXT_H 1
| #define HAVE_SYS_WAIT_H 1
| #define TIME_WITH_SYS_TIME 1
| #define STDC_HEADERS 1
| #define HAVE_SYS_TYPES_H 1
| #define HAVE_SYS_STAT_H 1
| #define HAVE_STDLIB_H 1
| #define HAVE_STRING_H 1
| #define HAVE_MEMORY_H 1
| #define HAVE_STRINGS_H 1
| #define HAVE_INTTYPES_H 1
| #define HAVE_STDINT_H 1
| #define HAVE_UNISTD_H 1
| #define SIZEOF_INT 4
| #define UNSIGNED_64BIT_TYPE uint64_t
| #define HAVE_UINTPTR_T 1
| #define HAVE_ASPRINTF 1
| #define HAVE_ATEXIT 1
| #define HAVE_BASENAME 1
| #define HAVE_BCMP 1
| #define HAVE_BCOPY 1
| #define HAVE_BSEARCH 1
| #define HAVE_BZERO 1
| #define HAVE_CALLOC 1
| #define HAVE_CLOCK 1
| #define HAVE_FFS 1
| #define HAVE_GETCWD 1
| #define HAVE_GETPAGESIZE 1
| #define HAVE_GETTIMEOFDAY 1
| #define HAVE_INDEX 1
| #define HAVE_INSQUE 1
| #define HAVE_MEMCHR 1
| #define HAVE_MEMCMP 1
| #define HAVE_MEMCPY 1
| #define HAVE_MEMMOVE 1
| #define HAVE_MEMPCPY 1
| #define HAVE_MEMSET 1
| #define HAVE_MKSTEMPS 1
| #define HAVE_PUTENV 1
| #define HAVE_RANDOM 1
| #define HAVE_RENAME 1
| #define HAVE_RINDEX 1
| #define HAVE_SETENV 1
| #define HAVE_SNPRINTF 1
| #define HAVE_SIGSETMASK 1
| #define HAVE_STPCPY 1
| #define HAVE_STPNCPY 1
| #define HAVE_STRCASECMP 1
| #define HAVE_STRCHR 1
| #define HAVE_STRDUP 1
| #define HAVE_STRNCASECMP 1
| #define HAVE_STRNDUP 1
| #define HAVE_STRRCHR 1
| #define HAVE_STRSTR 1
| #define HAVE_STRTOD 1
| #define HAVE_STRTOL 1
| #define HAVE_STRTOUL 1
| #define HAVE_STRVERSCMP 1
| #define HAVE_TMPNAM 1
| #define HAVE_VASPRINTF 1
| #define HAVE_VFPRINTF 1
| #define HAVE_VPRINTF 1
| #define HAVE_VSNPRINTF 1
| #define HAVE_VSPRINTF 1
| #define HAVE_WAITPID 1
| #define STACK_DIRECTION -1
| #define HAVE_UNISTD_H 1
| #define HAVE_FORK 1
| #define HAVE_VFORK 1
| #define HAVE_WORKING_VFORK 1
| #define HAVE_WORKING_FORK 1
| #define HAVE_SYS_ERRLIST 1
| #define HAVE_SYS_NERR 1
| #define HAVE_SYS_SIGLIST 1
| /* end confdefs.h.  */
| #include <sys/systemcfg.h>
| int
| main ()
| {
| double x = _system_configuration.physmem;
|   ;
|   return 0;
| }
configure:7784: result: no
configure:7793: checking for getrusage
configure:7880: result: yes
configure:7793: checking for on_exit
configure:7880: result: yes
configure:7793: checking for psignal
configure:7880: result: yes
configure:7793: checking for strerror
configure:7880: result: yes
configure:7793: checking for strsignal
configure:7880: result: yes
configure:7793: checking for sysconf
configure:7880: result: yes
configure:7793: checking for times
configure:7880: result: yes
configure:7793: checking for sbrk
configure:7880: result: yes
configure:7793: checking for gettimeofday
configure:7880: result: yes
configure:7793: checking for realpath
configure:7880: result: yes
configure:7793: checking for canonicalize_file_name
configure:7880: result: yes
configure:7793: checking for pstat_getstatic
configure:7880: result: no
configure:7793: checking for pstat_getdynamic
configure:7880: result: no
configure:7793: checking for sysmp
configure:7880: result: no
configure:7793: checking for getsysinfo
configure:7880: result: no
configure:7793: checking for table
configure:7880: result: no
configure:7793: checking for sysctl
configure:7880: result: yes
configure:7793: checking for wait3
configure:7880: result: yes
configure:7793: checking for wait4
configure:7880: result: yes
configure:7793: checking for __fsetlocking
configure:7880: result: yes
configure:7890: checking whether basename is declared
configure:7944: result: no
configure:7960: checking whether ffs is declared
configure:8014: result: yes
configure:8030: checking whether asprintf is declared
configure:8084: result: no
configure:8100: checking whether vasprintf is declared
configure:8154: result: no
configure:8170: checking whether snprintf is declared
configure:8224: result: yes
configure:8240: checking whether vsnprintf is declared
configure:8294: result: yes
configure:8312: checking whether calloc is declared
configure:8366: result: yes
configure:8382: checking whether getenv is declared
configure:8436: result: yes
configure:8452: checking whether getopt is declared
configure:8506: result: yes
configure:8522: checking whether malloc is declared
configure:8576: result: yes
configure:8592: checking whether realloc is declared
configure:8646: result: yes
configure:8662: checking whether sbrk is declared
configure:8716: result: yes
configure:8734: checking whether strverscmp is declared
configure:8788: result: no
configure:8806: checking whether canonicalize_file_name must be declared
configure:8873: result: yes
configure:8905: checking for stdlib.h
configure:8945: result: yes
configure:8905: checking for unistd.h
configure:8945: result: yes
configure:8959: checking for getpagesize
configure:9046: result: yes
configure:9056: checking for working mmap
configure:9220: result: yes
configure:9233: checking for working strncmp
configure:9333: result: yes
configure:9470: creating ./config.status

## ---------------------- ##
## Running config.status. ##
## ---------------------- ##

This file was extended by config.status, which was
generated by GNU Autoconf 2.59.  Invocation command line was

  CONFIG_FILES    = 
  CONFIG_HEADERS  = 
  CONFIG_LINKS    = 
  CONFIG_COMMANDS = 
  $ ./config.status 

on Machine

config.status:703: creating Makefile
config.status:703: creating testsuite/Makefile
config.status:800: creating config.h
config.status:1188: config.h is unchanged
config.status:1346: executing default commands

## ---------------- ##
## Cache variables. ##
## ---------------- ##

ac_cv_build=i686-pc-linux-gnu
ac_cv_build_alias=i686-pc-linux-gnu
ac_cv_c_bigendian=no
ac_cv_c_compiler_gnu=yes
ac_cv_c_const=yes
ac_cv_c_inline=inline
ac_cv_c_stack_direction=-1
ac_cv_env_CC_set=set
ac_cv_env_CC_value=gcc
ac_cv_env_CFLAGS_set=set
ac_cv_env_CFLAGS_value='-g -O2'
ac_cv_env_CPPFLAGS_set=
ac_cv_env_CPPFLAGS_value=
ac_cv_env_CPP_set=
ac_cv_env_CPP_value=
ac_cv_env_LDFLAGS_set=set
ac_cv_env_LDFLAGS_value=
ac_cv_env_build_alias_set=set
ac_cv_env_build_alias_value=i686-pc-linux-gnu
ac_cv_env_host_alias_set=set
ac_cv_env_host_alias_value=i686-pc-linux-gnu
ac_cv_env_target_alias_set=set
ac_cv_env_target_alias_value=i686-pc-linux-gnu
ac_cv_exeext=
ac_cv_func___fsetlocking=yes
ac_cv_func__doprnt=no
ac_cv_func_asprintf=yes
ac_cv_func_atexit=yes
ac_cv_func_basename=yes
ac_cv_func_bcmp=yes
ac_cv_func_bcopy=yes
ac_cv_func_bsearch=yes
ac_cv_func_bzero=yes
ac_cv_func_calloc=yes
ac_cv_func_canonicalize_file_name=yes
ac_cv_func_clearerr_unlocked=yes
ac_cv_func_clock=yes
ac_cv_func_feof_unlocked=yes
ac_cv_func_ferror_unlocked=yes
ac_cv_func_fflush_unlocked=yes
ac_cv_func_ffs=yes
ac_cv_func_fgetc_unlocked=yes
ac_cv_func_fgets_unlocked=yes
ac_cv_func_fileno_unlocked=yes
ac_cv_func_fork=yes
ac_cv_func_fork_works=yes
ac_cv_func_fprintf_unlocked=no
ac_cv_func_fputc_unlocked=yes
ac_cv_func_fputs_unlocked=yes
ac_cv_func_fread_unlocked=yes
ac_cv_func_fwrite_unlocked=yes
ac_cv_func_getc_unlocked=yes
ac_cv_func_getchar_unlocked=yes
ac_cv_func_getcwd=yes
ac_cv_func_getpagesize=yes
ac_cv_func_getrusage=yes
ac_cv_func_getsysinfo=no
ac_cv_func_gettimeofday=yes
ac_cv_func_index=yes
ac_cv_func_insque=yes
ac_cv_func_memchr=yes
ac_cv_func_memcmp=yes
ac_cv_func_memcpy=yes
ac_cv_func_memmove=yes
ac_cv_func_mempcpy=yes
ac_cv_func_memset=yes
ac_cv_func_mkstemps=yes
ac_cv_func_mmap=yes
ac_cv_func_mmap_fixed_mapped=yes
ac_cv_func_on_exit=yes
ac_cv_func_psignal=yes
ac_cv_func_pstat_getdynamic=no
ac_cv_func_pstat_getstatic=no
ac_cv_func_putc_unlocked=yes
ac_cv_func_putchar_unlocked=yes
ac_cv_func_putenv=yes
ac_cv_func_random=yes
ac_cv_func_realpath=yes
ac_cv_func_rename=yes
ac_cv_func_rindex=yes
ac_cv_func_sbrk=yes
ac_cv_func_setenv=yes
ac_cv_func_sigsetmask=yes
ac_cv_func_snprintf=yes
ac_cv_func_stpcpy=yes
ac_cv_func_stpncpy=yes
ac_cv_func_strcasecmp=yes
ac_cv_func_strchr=yes
ac_cv_func_strdup=yes
ac_cv_func_strerror=yes
ac_cv_func_strncasecmp=yes
ac_cv_func_strncmp_works=yes
ac_cv_func_strndup=yes
ac_cv_func_strrchr=yes
ac_cv_func_strsignal=yes
ac_cv_func_strstr=yes
ac_cv_func_strtod=yes
ac_cv_func_strtol=yes
ac_cv_func_strtoul=yes
ac_cv_func_strverscmp=yes
ac_cv_func_sysconf=yes
ac_cv_func_sysctl=yes
ac_cv_func_sysmp=no
ac_cv_func_table=no
ac_cv_func_times=yes
ac_cv_func_tmpnam=yes
ac_cv_func_vasprintf=yes
ac_cv_func_vfork=yes
ac_cv_func_vfork_works=yes
ac_cv_func_vfprintf=yes
ac_cv_func_vprintf=yes
ac_cv_func_vsnprintf=yes
ac_cv_func_vsprintf=yes
ac_cv_func_wait3=yes
ac_cv_func_wait4=yes
ac_cv_func_waitpid=yes
ac_cv_have_decl_abort=yes
ac_cv_have_decl_asprintf=no
ac_cv_have_decl_basename=no
ac_cv_have_decl_calloc=yes
ac_cv_have_decl_clearerr_unlocked=yes
ac_cv_have_decl_errno=no
ac_cv_have_decl_feof_unlocked=yes
ac_cv_have_decl_ferror_unlocked=yes
ac_cv_have_decl_fflush_unlocked=yes
ac_cv_have_decl_ffs=yes
ac_cv_have_decl_fgetc_unlocked=yes
ac_cv_have_decl_fgets_unlocked=no
ac_cv_have_decl_fileno_unlocked=yes
ac_cv_have_decl_fprintf_unlocked=no
ac_cv_have_decl_fputc_unlocked=yes
ac_cv_have_decl_fputs_unlocked=no
ac_cv_have_decl_fread_unlocked=yes
ac_cv_have_decl_fwrite_unlocked=yes
ac_cv_have_decl_getc_unlocked=yes
ac_cv_have_decl_getchar_unlocked=yes
ac_cv_have_decl_getenv=yes
ac_cv_have_decl_getopt=yes
ac_cv_have_decl_malloc=yes
ac_cv_have_decl_putc_unlocked=yes
ac_cv_have_decl_putchar_unlocked=yes
ac_cv_have_decl_realloc=yes
ac_cv_have_decl_sbrk=yes
ac_cv_have_decl_snprintf=yes
ac_cv_have_decl_strverscmp=no
ac_cv_have_decl_vasprintf=no
ac_cv_have_decl_vsnprintf=yes
ac_cv_header_alloca_h=yes
ac_cv_header_fcntl_h=yes
ac_cv_header_inttypes_h=yes
ac_cv_header_limits_h=yes
ac_cv_header_machine_hal_sysinfo_h=no
ac_cv_header_malloc_h=yes
ac_cv_header_memory_h=yes
ac_cv_header_stdc=yes
ac_cv_header_stddef_h=yes
ac_cv_header_stdint_h=yes
ac_cv_header_stdio_ext_h=yes
ac_cv_header_stdlib_h=yes
ac_cv_header_string_h=yes
ac_cv_header_strings_h=yes
ac_cv_header_sys_file_h=yes
ac_cv_header_sys_mman_h=yes
ac_cv_header_sys_param_h=yes
ac_cv_header_sys_pstat_h=no
ac_cv_header_sys_resource_h=yes
ac_cv_header_sys_stat_h=yes
ac_cv_header_sys_sysctl_h=yes
ac_cv_header_sys_sysinfo_h=yes
ac_cv_header_sys_sysmp_h=no
ac_cv_header_sys_systemcfg_h=no
ac_cv_header_sys_table_h=no
ac_cv_header_sys_time_h=yes
ac_cv_header_sys_types_h=yes
ac_cv_header_sys_wait_h=yes
ac_cv_header_time=yes
ac_cv_header_time_h=yes
ac_cv_header_unistd_h=yes
ac_cv_header_vfork_h=no
ac_cv_host=i686-pc-linux-gnu
ac_cv_host_alias=i686-pc-linux-gnu
ac_cv_objext=o
ac_cv_os_cray=no
ac_cv_prog_AR=ar
ac_cv_prog_CC=gcc
ac_cv_prog_CPP='gcc -E'
ac_cv_prog_MAKEINFO='/home/lee/.emacs.d/plugins/gcc-code-assist-0.1-4.4.4/missing makeinfo --split-size=5000000'
ac_cv_prog_PERL=perl
ac_cv_prog_RANLIB=ranlib
ac_cv_prog_cc_g=yes
ac_cv_prog_cc_gcc_c_o=yes
ac_cv_prog_cc_stdc=
ac_cv_prog_egrep='grep -E'
ac_cv_search_strerror='none required'
ac_cv_sizeof_int=4
ac_cv_sys_file_offset_bits=64
ac_cv_sys_large_files=no
ac_cv_sys_largefile_CC=no
ac_cv_target=i686-pc-linux-gnu
ac_cv_target_alias=i686-pc-linux-gnu
ac_cv_type_int=yes
ac_cv_type_pid_t=yes
ac_cv_type_uintptr_t=yes
acx_cv_prog_cc_pedantic_=yes
acx_cv_prog_cc_pedantic__Wno_long_long=yes
acx_cv_prog_cc_warning__W=yes
acx_cv_prog_cc_warning__Wall=yes
acx_cv_prog_cc_warning__Wcpp_compat=yes
acx_cv_prog_cc_warning__Wmissing_format_attribute=yes
acx_cv_prog_cc_warning__Wmissing_prototypes=yes
acx_cv_prog_cc_warning__Wno_overlength_strings=yes
acx_cv_prog_cc_warning__Wold_style_definition=yes
acx_cv_prog_cc_warning__Wstrict_prototypes=yes
acx_cv_prog_cc_warning__Wwrite_strings=yes
gcc_cv_decl_map_anon=yes
gcc_cv_func_mmap_anon=yes
gcc_cv_func_mmap_dev_zero=yes
gcc_cv_func_mmap_file=yes
liberty_cv_uint64=uint64_t
libiberty_cv_decl_needed_canonicalize_file_name=yes
libiberty_cv_declare_errno=no
libiberty_cv_var_sys_errlist=yes
libiberty_cv_var_sys_nerr=yes
libiberty_cv_var_sys_siglist=yes
lt_cv_path_SED=/bin/sed

## ----------------- ##
## Output variables. ##
## ----------------- ##

AR='ar'
BUILD_INFO=''
CC='gcc'
CFLAGS='-g -O2'
CHECK='really-check'
CPP='gcc -E'
CPPFLAGS=''
DEFS='-DHAVE_CONFIG_H'
ECHO_C=''
ECHO_N='-n'
ECHO_T=''
EGREP='grep -E'
EXEEXT=''
HAVE_PERL=''
INSTALL_DATA='/usr/bin/install -c -m 644'
INSTALL_DEST='libdir'
INSTALL_PROGRAM='/usr/bin/install -c'
INSTALL_SCRIPT='/usr/bin/install -c'
LDFLAGS=''
LIBOBJS=''
LIBS=''
LTLIBOBJS=''
MAINT='#'
MAKEINFO='/home/lee/.emacs.d/plugins/gcc-code-assist-0.1-4.4.4/missing makeinfo --split-size=5000000'
NOTMAINT=''
NO_MINUS_C_MINUS_O=''
OBJEXT='o'
OUTPUT_OPTION='-o $@'
PACKAGE_BUGREPORT=''
PACKAGE_NAME=''
PACKAGE_STRING=''
PACKAGE_TARNAME=''
PACKAGE_VERSION=''
PATH_SEPARATOR=':'
PERL='perl'
PICFLAG=''
RANLIB='ranlib'
SHELL='/bin/bash'
ac_ct_AR=''
ac_ct_CC=''
ac_ct_RANLIB=''
ac_libiberty_warn_cflags='-W -Wall -Wwrite-strings -Wc++-compat -Wstrict-prototypes -pedantic '
bindir='${exec_prefix}/bin'
build='i686-pc-linux-gnu'
build_alias='i686-pc-linux-gnu'
build_cpu='i686'
build_os='linux-gnu'
build_vendor='pc'
datadir='${prefix}/share'
datarootdir='/usr/local/share'
docdir='/usr/local/share/doc'
exec_prefix='${prefix}'
host='i686-pc-linux-gnu'
host_alias='i686-pc-linux-gnu'
host_cpu='i686'
host_os='linux-gnu'
host_vendor='pc'
htmldir='/usr/local/share/doc'
includedir='${prefix}/include'
infodir='${prefix}/info'
libdir='${exec_prefix}/lib'
libexecdir='${exec_prefix}/libexec'
libiberty_topdir='../.././libiberty/..'
localstatedir='${prefix}/var'
mandir='${prefix}/man'
oldincludedir='/usr/include'
pexecute='./pex-unix.o'
prefix='/usr/local'
program_transform_name='s,$,-code-assist,'
sbindir='${exec_prefix}/sbin'
sharedstatedir='${prefix}/com'
sysconfdir='${prefix}/etc'
target_alias='i686-pc-linux-gnu'
target_header_dir=''

## ------------- ##
## Output files. ##
## ------------- ##

host_makefile_frag='xhost-mkfrag'

## ----------- ##
## confdefs.h. ##
## ----------- ##

#define HAVE_ALLOCA_H 1
#define HAVE_ASPRINTF 1
#define HAVE_ATEXIT 1
#define HAVE_BASENAME 1
#define HAVE_BCMP 1
#define HAVE_BCOPY 1
#define HAVE_BSEARCH 1
#define HAVE_BZERO 1
#define HAVE_CALLOC 1
#define HAVE_CANONICALIZE_FILE_NAME 1
#define HAVE_CLOCK 1
#define HAVE_DECL_ASPRINTF 0
#define HAVE_DECL_BASENAME 0
#define HAVE_DECL_CALLOC 1
#define HAVE_DECL_FFS 1
#define HAVE_DECL_GETENV 1
#define HAVE_DECL_GETOPT 1
#define HAVE_DECL_MALLOC 1
#define HAVE_DECL_REALLOC 1
#define HAVE_DECL_SBRK 1
#define HAVE_DECL_SNPRINTF 1
#define HAVE_DECL_STRVERSCMP 0
#define HAVE_DECL_VASPRINTF 0
#define HAVE_DECL_VSNPRINTF 1
#define HAVE_FCNTL_H 1
#define HAVE_FFS 1
#define HAVE_FORK 1
#define HAVE_GETCWD 1
#define HAVE_GETPAGESIZE 1
#define HAVE_GETPAGESIZE 1
#define HAVE_GETRUSAGE 1
#define HAVE_GETTIMEOFDAY 1
#define HAVE_GETTIMEOFDAY 1
#define HAVE_INDEX 1
#define HAVE_INSQUE 1
#define HAVE_INTTYPES_H 1
#define HAVE_LIMITS_H 1
#define HAVE_MALLOC_H 1
#define HAVE_MEMCHR 1
#define HAVE_MEMCMP 1
#define HAVE_MEMCPY 1
#define HAVE_MEMMOVE 1
#define HAVE_MEMORY_H 1
#define HAVE_MEMPCPY 1
#define HAVE_MEMSET 1
#define HAVE_MKSTEMPS 1
#define HAVE_MMAP 1
#define HAVE_ON_EXIT 1
#define HAVE_PSIGNAL 1
#define HAVE_PUTENV 1
#define HAVE_RANDOM 1
#define HAVE_REALPATH 1
#define HAVE_RENAME 1
#define HAVE_RINDEX 1
#define HAVE_SBRK 1
#define HAVE_SETENV 1
#define HAVE_SIGSETMASK 1
#define HAVE_SNPRINTF 1
#define HAVE_STDINT_H 1
#define HAVE_STDINT_H 1
#define HAVE_STDIO_EXT_H 1
#define HAVE_STDLIB_H 1
#define HAVE_STDLIB_H 1
#define HAVE_STDLIB_H 1
#define HAVE_STPCPY 1
#define HAVE_STPNCPY 1
#define HAVE_STRCASECMP 1
#define HAVE_STRCHR 1
#define HAVE_STRDUP 1
#define HAVE_STRERROR 1
#define HAVE_STRINGS_H 1
#define HAVE_STRINGS_H 1
#define HAVE_STRING_H 1
#define HAVE_STRING_H 1
#define HAVE_STRNCASECMP 1
#define HAVE_STRNDUP 1
#define HAVE_STRRCHR 1
#define HAVE_STRSIGNAL 1
#define HAVE_STRSTR 1
#define HAVE_STRTOD 1
#define HAVE_STRTOL 1
#define HAVE_STRTOUL 1
#define HAVE_STRVERSCMP 1
#define HAVE_SYSCONF 1
#define HAVE_SYSCTL 1
#define HAVE_SYS_ERRLIST 1
#define HAVE_SYS_FILE_H 1
#define HAVE_SYS_MMAN_H 1
#define HAVE_SYS_NERR 1
#define HAVE_SYS_PARAM_H 1
#define HAVE_SYS_RESOURCE_H 1
#define HAVE_SYS_SIGLIST 1
#define HAVE_SYS_STAT_H 1
#define HAVE_SYS_STAT_H 1
#define HAVE_SYS_SYSCTL_H 1
#define HAVE_SYS_SYSINFO_H 1
#define HAVE_SYS_TIME_H 1
#define HAVE_SYS_TYPES_H 1
#define HAVE_SYS_WAIT_H 1
#define HAVE_TIMES 1
#define HAVE_TIME_H 1
#define HAVE_TMPNAM 1
#define HAVE_UINTPTR_T 1
#define HAVE_UNISTD_H 1
#define HAVE_UNISTD_H 1
#define HAVE_UNISTD_H 1
#define HAVE_UNISTD_H 1
#define HAVE_VASPRINTF 1
#define HAVE_VFORK 1
#define HAVE_VFPRINTF 1
#define HAVE_VPRINTF 1
#define HAVE_VSNPRINTF 1
#define HAVE_VSPRINTF 1
#define HAVE_WAIT3 1
#define HAVE_WAIT4 1
#define HAVE_WAITPID 1
#define HAVE_WORKING_FORK 1
#define HAVE_WORKING_VFORK 1
#define HAVE___FSETLOCKING 1
#define NEED_DECLARATION_CANONICALIZE_FILE_NAME 1
#define PACKAGE_BUGREPORT ""
#define PACKAGE_NAME ""
#define PACKAGE_STRING ""
#define PACKAGE_TARNAME ""
#define PACKAGE_VERSION ""
#define SIZEOF_INT 4
#define STACK_DIRECTION -1
#define STDC_HEADERS 1
#define TIME_WITH_SYS_TIME 1
#define UNSIGNED_64BIT_TYPE uint64_t
#define _FILE_OFFSET_BITS 64

configure: exit 0
