This file contains any messages produced by compilers while
running configure, to aid debugging if configure makes a mistake.

It was created by libdecnumber configure  , which was
generated by GNU Autoconf 2.59.  Invocation command line was

  $ /home/lee/.emacs.d/plugins/gcc-code-assist-0.1-4.4.4/libdecnumber/configure --cache-file=./config.cache --disable-bootstrap --disable-multilib --enable-languages=c,c++ --program-transform-name=s,$,-code-assist, --build=i686-pc-linux-gnu --host=i686-pc-linux-gnu --target=i686-pc-linux-gnu --srcdir=../.././libdecnumber

## --------- ##
## Platform. ##
## --------- ##

hostname = Machine
uname -m = i686
uname -r = 3.2.0-48-generic-pae
uname -s = Linux
uname -v = #74-Ubuntu SMP Thu Jun 6 20:05:01 UTC 2013

/usr/bin/uname -p = unknown
/bin/uname -X     = unknown

/bin/arch              = unknown
/usr/bin/arch -k       = unknown
/usr/convex/getsysinfo = unknown
hostinfo               = unknown
/bin/machine           = unknown
/usr/bin/oslevel       = unknown
/bin/universe          = unknown

PATH: /usr/lib/lightdm/lightdm
PATH: /usr/local/sbin
PATH: /usr/local/bin
PATH: /usr/sbin
PATH: /usr/bin
PATH: /sbin
PATH: /bin
PATH: /usr/games


## ----------- ##
## Core tests. ##
## ----------- ##

configure:1230: creating cache ./config.cache
configure:1346: checking whether /usr/bin/make sets $(MAKE)
configure:1366: result: yes
configure:1383: checking for i686-pc-linux-gnu-gcc
configure:1409: result: gcc
configure:1693: checking for C compiler version
configure:1696: gcc --version </dev/null >&5
gcc (Ubuntu/Linaro 4.6.3-1ubuntu5) 4.6.3
Copyright (C) 2011 Free Software Foundation, Inc.
This is free software; see the source for copying conditions.  There is NO
warranty; not even for MERCHANTABILITY or FITNESS FOR A PARTICULAR PURPOSE.

configure:1699: $? = 0
configure:1701: gcc -v </dev/null >&5
Using built-in specs.
COLLECT_GCC=gcc
COLLECT_LTO_WRAPPER=/usr/lib/gcc/i686-linux-gnu/4.6/lto-wrapper
Target: i686-linux-gnu
Configured with: ../src/configure -v --with-pkgversion='Ubuntu/Linaro 4.6.3-1ubuntu5' --with-bugurl=file:///usr/share/doc/gcc-4.6/README.Bugs --enable-languages=c,c++,fortran,objc,obj-c++ --prefix=/usr --program-suffix=-4.6 --enable-shared --enable-linker-build-id --with-system-zlib --libexecdir=/usr/lib --without-included-gettext --enable-threads=posix --with-gxx-include-dir=/usr/include/c++/4.6 --libdir=/usr/lib --enable-nls --with-sysroot=/ --enable-clocale=gnu --enable-libstdcxx-debug --enable-libstdcxx-time=yes --enable-gnu-unique-object --enable-plugin --enable-objc-gc --enable-targets=all --disable-werror --with-arch-32=i686 --with-tune=generic --enable-checking=release --build=i686-linux-gnu --host=i686-linux-gnu --target=i686-linux-gnu
Thread model: posix
gcc version 4.6.3 (Ubuntu/Linaro 4.6.3-1ubuntu5) 
configure:1704: $? = 0
configure:1706: gcc -V </dev/null >&5
gcc: error: unrecognized option '-V'
gcc: fatal error: no input files
compilation terminated.
configure:1709: $? = 4
configure:1732: checking for C compiler default output file name
configure:1735: gcc -g -O2   conftest.c  >&5
configure:1738: $? = 0
configure:1786: result: a.out
configure:1791: checking whether the C compiler works
configure:1797: ./a.out
configure:1800: $? = 0
configure:1819: result: yes
configure:1826: checking whether we are cross compiling
configure:1828: result: no
configure:1831: checking for suffix of executables
configure:1833: gcc -o conftest -g -O2   conftest.c  >&5
configure:1836: $? = 0
configure:1863: result: 
configure:1869: checking for suffix of object files
configure:1890: gcc -c -g -O2  conftest.c >&5
configure:1893: $? = 0
configure:1917: result: o
configure:1921: checking whether we are using the GNU C compiler
configure:1945: gcc -c -g -O2  conftest.c >&5
configure:1951: $? = 0
configure:1955: test -z 
			 || test ! -s conftest.err
configure:1958: $? = 0
configure:1961: test -s conftest.o
configure:1964: $? = 0
configure:1977: result: yes
configure:1983: checking whether gcc accepts -g
configure:2004: gcc -c -g  conftest.c >&5
configure:2010: $? = 0
configure:2014: test -z 
			 || test ! -s conftest.err
configure:2017: $? = 0
configure:2020: test -s conftest.o
configure:2023: $? = 0
configure:2034: result: yes
configure:2051: checking for gcc option to accept ANSI C
configure:2121: gcc  -c -g -O2  conftest.c >&5
configure:2127: $? = 0
configure:2131: test -z 
			 || test ! -s conftest.err
configure:2134: $? = 0
configure:2137: test -s conftest.o
configure:2140: $? = 0
configure:2158: result: none needed
configure:2176: gcc -c -g -O2  conftest.c >&5
conftest.c:2:3: error: unknown type name 'choke'
conftest.c:2:3: error: expected '=', ',', ';', 'asm' or '__attribute__' at end of input
configure:2182: $? = 1
configure: failed program was:
| #ifndef __cplusplus
|   choke me
| #endif
configure:2318: checking for i686-pc-linux-gnu-ranlib
configure:2344: result: ranlib
configure:2401: checking for aclocal
configure:2430: result: no
configure:2442: checking for autoconf
configure:2471: result: no
configure:2483: checking for autoheader
configure:2512: result: no
configure:2532: checking whether gcc supports -W
configure:2554: gcc -c -W  conftest.c >&5
configure:2560: $? = 0
configure:2564: test -z 
			 || test ! -s conftest.err
configure:2567: $? = 0
configure:2570: test -s conftest.o
configure:2573: $? = 0
configure:2585: result: yes
configure:2532: checking whether gcc supports -Wall
configure:2554: gcc -c -Wall  conftest.c >&5
configure:2560: $? = 0
configure:2564: test -z 
			 || test ! -s conftest.err
configure:2567: $? = 0
configure:2570: test -s conftest.o
configure:2573: $? = 0
configure:2585: result: yes
configure:2532: checking whether gcc supports -Wwrite-strings
configure:2554: gcc -c -Wwrite-strings  conftest.c >&5
configure:2560: $? = 0
configure:2564: test -z 
			 || test ! -s conftest.err
configure:2567: $? = 0
configure:2570: test -s conftest.o
configure:2573: $? = 0
configure:2585: result: yes
configure:2532: checking whether gcc supports -Wstrict-prototypes
configure:2554: gcc -c -Wstrict-prototypes  conftest.c >&5
conftest.c:11:1: warning: function declaration isn't a prototype [-Wstrict-prototypes]
configure:2560: $? = 0
configure:2564: test -z 
			 || test ! -s conftest.err
configure:2567: $? = 0
configure:2570: test -s conftest.o
configure:2573: $? = 0
configure:2585: result: yes
configure:2532: checking whether gcc supports -Wmissing-prototypes
configure:2554: gcc -c -Wmissing-prototypes  conftest.c >&5
configure:2560: $? = 0
configure:2564: test -z 
			 || test ! -s conftest.err
configure:2567: $? = 0
configure:2570: test -s conftest.o
configure:2573: $? = 0
configure:2585: result: yes
configure:2532: checking whether gcc supports -Wold-style-definition
configure:2554: gcc -c -Wold-style-definition  conftest.c >&5
conftest.c: In function 'main':
conftest.c:11:1: warning: old-style function definition [-Wold-style-definition]
configure:2560: $? = 0
configure:2564: test -z 
			 || test ! -s conftest.err
configure:2567: $? = 0
configure:2570: test -s conftest.o
configure:2573: $? = 0
configure:2585: result: yes
configure:2532: checking whether gcc supports -Wmissing-format-attribute
configure:2554: gcc -c -Wmissing-format-attribute  conftest.c >&5
configure:2560: $? = 0
configure:2564: test -z 
			 || test ! -s conftest.err
configure:2567: $? = 0
configure:2570: test -s conftest.o
configure:2573: $? = 0
configure:2585: result: yes
configure:2532: checking whether gcc supports -Wcast-qual
configure:2554: gcc -c -Wcast-qual  conftest.c >&5
configure:2560: $? = 0
configure:2564: test -z 
			 || test ! -s conftest.err
configure:2567: $? = 0
configure:2570: test -s conftest.o
configure:2573: $? = 0
configure:2585: result: yes
configure:2596: checking whether gcc supports -pedantic -Wno-long-long
configure:2619: gcc -c -pedantic -Wno-long-long  conftest.c >&5
configure:2625: $? = 0
configure:2629: test -z 
			 || test ! -s conftest.err
configure:2632: $? = 0
configure:2635: test -s conftest.o
configure:2638: $? = 0
configure:2650: result: yes
configure:2684: checking how to run the C preprocessor
configure:2719: gcc -E  conftest.c
configure:2725: $? = 0
configure:2757: gcc -E  conftest.c
conftest.c:9:28: fatal error: ac_nonexistent.h: No such file or directory
compilation terminated.
configure:2763: $? = 1
configure: failed program was:
| /* confdefs.h.  */
| 
| #define PACKAGE_NAME "libdecnumber"
| #define PACKAGE_TARNAME "libdecnumber"
| #define PACKAGE_VERSION " "
| #define PACKAGE_STRING "libdecnumber  "
| #define PACKAGE_BUGREPORT "gcc-bugs@gcc.gnu.org"
| /* end confdefs.h.  */
| #include <ac_nonexistent.h>
configure:2802: result: gcc -E
configure:2826: gcc -E  conftest.c
configure:2832: $? = 0
configure:2864: gcc -E  conftest.c
conftest.c:9:28: fatal error: ac_nonexistent.h: No such file or directory
compilation terminated.
configure:2870: $? = 1
configure: failed program was:
| /* confdefs.h.  */
| 
| #define PACKAGE_NAME "libdecnumber"
| #define PACKAGE_TARNAME "libdecnumber"
| #define PACKAGE_VERSION " "
| #define PACKAGE_STRING "libdecnumber  "
| #define PACKAGE_BUGREPORT "gcc-bugs@gcc.gnu.org"
| /* end confdefs.h.  */
| #include <ac_nonexistent.h>
configure:2916: checking for egrep
configure:2926: result: grep -E
configure:2931: checking for ANSI C header files
configure:2956: gcc -c -g -O2  conftest.c >&5
configure:2962: $? = 0
configure:2966: test -z 
			 || test ! -s conftest.err
configure:2969: $? = 0
configure:2972: test -s conftest.o
configure:2975: $? = 0
configure:3064: gcc -o conftest -g -O2   conftest.c  >&5
conftest.c: In function 'main':
conftest.c:26:7: warning: incompatible implicit declaration of built-in function 'exit' [enabled by default]
configure:3067: $? = 0
configure:3069: ./conftest
configure:3072: $? = 0
configure:3087: result: yes
configure:3111: checking for sys/types.h
configure:3127: gcc -c -g -O2  conftest.c >&5
configure:3133: $? = 0
configure:3137: test -z 
			 || test ! -s conftest.err
configure:3140: $? = 0
configure:3143: test -s conftest.o
configure:3146: $? = 0
configure:3157: result: yes
configure:3111: checking for sys/stat.h
configure:3127: gcc -c -g -O2  conftest.c >&5
configure:3133: $? = 0
configure:3137: test -z 
			 || test ! -s conftest.err
configure:3140: $? = 0
configure:3143: test -s conftest.o
configure:3146: $? = 0
configure:3157: result: yes
configure:3111: checking for stdlib.h
configure:3127: gcc -c -g -O2  conftest.c >&5
configure:3133: $? = 0
configure:3137: test -z 
			 || test ! -s conftest.err
configure:3140: $? = 0
configure:3143: test -s conftest.o
configure:3146: $? = 0
configure:3157: result: yes
configure:3111: checking for string.h
configure:3127: gcc -c -g -O2  conftest.c >&5
configure:3133: $? = 0
configure:3137: test -z 
			 || test ! -s conftest.err
configure:3140: $? = 0
configure:3143: test -s conftest.o
configure:3146: $? = 0
configure:3157: result: yes
configure:3111: checking for memory.h
configure:3127: gcc -c -g -O2  conftest.c >&5
configure:3133: $? = 0
configure:3137: test -z 
			 || test ! -s conftest.err
configure:3140: $? = 0
configure:3143: test -s conftest.o
configure:3146: $? = 0
configure:3157: result: yes
configure:3111: checking for strings.h
configure:3127: gcc -c -g -O2  conftest.c >&5
configure:3133: $? = 0
configure:3137: test -z 
			 || test ! -s conftest.err
configure:3140: $? = 0
configure:3143: test -s conftest.o
configure:3146: $? = 0
configure:3157: result: yes
configure:3111: checking for inttypes.h
configure:3127: gcc -c -g -O2  conftest.c >&5
configure:3133: $? = 0
configure:3137: test -z 
			 || test ! -s conftest.err
configure:3140: $? = 0
configure:3143: test -s conftest.o
configure:3146: $? = 0
configure:3157: result: yes
configure:3111: checking for stdint.h
configure:3127: gcc -c -g -O2  conftest.c >&5
configure:3133: $? = 0
configure:3137: test -z 
			 || test ! -s conftest.err
configure:3140: $? = 0
configure:3143: test -s conftest.o
configure:3146: $? = 0
configure:3157: result: yes
configure:3111: checking for unistd.h
configure:3127: gcc -c -g -O2  conftest.c >&5
configure:3133: $? = 0
configure:3137: test -z 
			 || test ! -s conftest.err
configure:3140: $? = 0
configure:3143: test -s conftest.o
configure:3146: $? = 0
configure:3157: result: yes
configure:3186: checking ctype.h usability
configure:3198: gcc -c -g -O2  conftest.c >&5
configure:3204: $? = 0
configure:3208: test -z 
			 || test ! -s conftest.err
configure:3211: $? = 0
configure:3214: test -s conftest.o
configure:3217: $? = 0
configure:3227: result: yes
configure:3231: checking ctype.h presence
configure:3241: gcc -E  conftest.c
configure:3247: $? = 0
configure:3267: result: yes
configure:3302: checking for ctype.h
configure:3309: result: yes
configure:3186: checking stddef.h usability
configure:3198: gcc -c -g -O2  conftest.c >&5
configure:3204: $? = 0
configure:3208: test -z 
			 || test ! -s conftest.err
configure:3211: $? = 0
configure:3214: test -s conftest.o
configure:3217: $? = 0
configure:3227: result: yes
configure:3231: checking stddef.h presence
configure:3241: gcc -E  conftest.c
configure:3247: $? = 0
configure:3267: result: yes
configure:3302: checking for stddef.h
configure:3309: result: yes
configure:3177: checking for string.h
configure:3182: result: yes
configure:3186: checking stdio.h usability
configure:3198: gcc -c -g -O2  conftest.c >&5
configure:3204: $? = 0
configure:3208: test -z 
			 || test ! -s conftest.err
configure:3211: $? = 0
configure:3214: test -s conftest.o
configure:3217: $? = 0
configure:3227: result: yes
configure:3231: checking stdio.h presence
configure:3241: gcc -E  conftest.c
configure:3247: $? = 0
configure:3267: result: yes
configure:3302: checking for stdio.h
configure:3309: result: yes
configure:3335: checking for uintmax_t
configure:3361: gcc -c -g -O2  conftest.c >&5
configure:3367: $? = 0
configure:3371: test -z 
			 || test ! -s conftest.err
configure:3374: $? = 0
configure:3377: test -s conftest.o
configure:3380: $? = 0
configure:3391: result: yes
configure:3399: checking for uintptr_t
configure:3425: gcc -c -g -O2  conftest.c >&5
configure:3431: $? = 0
configure:3435: test -z 
			 || test ! -s conftest.err
configure:3438: $? = 0
configure:3441: test -s conftest.o
configure:3444: $? = 0
configure:3455: result: yes
configure:3463: checking for int_least32_t
configure:3489: gcc -c -g -O2  conftest.c >&5
configure:3495: $? = 0
configure:3499: test -z 
			 || test ! -s conftest.err
configure:3502: $? = 0
configure:3505: test -s conftest.o
configure:3508: $? = 0
configure:3519: result: yes
configure:3527: checking for int_fast32_t
configure:3553: gcc -c -g -O2  conftest.c >&5
configure:3559: $? = 0
configure:3563: test -z 
			 || test ! -s conftest.err
configure:3566: $? = 0
configure:3569: test -s conftest.o
configure:3572: $? = 0
configure:3583: result: yes
configure:3591: checking for uint64_t
configure:3617: gcc -c -g -O2  conftest.c >&5
configure:3623: $? = 0
configure:3627: test -z 
			 || test ! -s conftest.err
configure:3630: $? = 0
configure:3633: test -s conftest.o
configure:3636: $? = 0
configure:3647: result: yes
configure:3993: checking what to include in gstdint.h
configure:4013: result: stdint.h (already complete)
configure:6201: checking for an ANSI C-conforming const
configure:6268: gcc -c -g -O2  conftest.c >&5
configure:6274: $? = 0
configure:6278: test -z 
			 || test ! -s conftest.err
configure:6281: $? = 0
configure:6284: test -s conftest.o
configure:6287: $? = 0
configure:6298: result: yes
configure:6308: checking for off_t
configure:6332: gcc -c -g -O2  conftest.c >&5
configure:6338: $? = 0
configure:6342: test -z 
			 || test ! -s conftest.err
configure:6345: $? = 0
configure:6348: test -s conftest.o
configure:6351: $? = 0
configure:6362: result: yes
configure:6374: checking for int
configure:6398: gcc -c -g -O2  conftest.c >&5
configure:6404: $? = 0
configure:6408: test -z 
			 || test ! -s conftest.err
configure:6411: $? = 0
configure:6414: test -s conftest.o
configure:6417: $? = 0
configure:6428: result: yes
configure:6431: checking size of int
configure:6754: gcc -o conftest -g -O2   conftest.c  >&5
configure:6757: $? = 0
configure:6759: ./conftest
configure:6762: $? = 0
configure:6787: result: 4
configure:6794: checking for long
configure:6818: gcc -c -g -O2  conftest.c >&5
configure:6824: $? = 0
configure:6828: test -z 
			 || test ! -s conftest.err
configure:6831: $? = 0
configure:6834: test -s conftest.o
configure:6837: $? = 0
configure:6848: result: yes
configure:6851: checking size of long
configure:7174: gcc -o conftest -g -O2   conftest.c  >&5
configure:7177: $? = 0
configure:7179: ./conftest
configure:7182: $? = 0
configure:7207: result: 4
configure:7216: checking for ANSI C header files
configure:7372: result: yes
configure:7429: checking build system type
configure:7447: result: i686-pc-linux-gnu
configure:7455: checking host system type
configure:7469: result: i686-pc-linux-gnu
configure:7477: checking target system type
configure:7491: result: i686-pc-linux-gnu
configure:7508: checking for decimal floating point
configure:7557: result: bid
configure:7562: checking whether byte ordering is bigendian
configure:7589: gcc -c -g -O2  conftest.c >&5
configure:7595: $? = 0
configure:7599: test -z 
			 || test ! -s conftest.err
configure:7602: $? = 0
configure:7605: test -s conftest.o
configure:7608: $? = 0
configure:7632: gcc -c -g -O2  conftest.c >&5
conftest.c: In function 'main':
conftest.c:33:2: error: unknown type name 'not'
conftest.c:33:10: error: expected '=', ',', ';', 'asm' or '__attribute__' before 'endian'
configure:7638: $? = 1
configure: failed program was:
| /* confdefs.h.  */
| 
| #define PACKAGE_NAME "libdecnumber"
| #define PACKAGE_TARNAME "libdecnumber"
| #define PACKAGE_VERSION " "
| #define PACKAGE_STRING "libdecnumber  "
| #define PACKAGE_BUGREPORT "gcc-bugs@gcc.gnu.org"
| #define STDC_HEADERS 1
| #define HAVE_SYS_TYPES_H 1
| #define HAVE_SYS_STAT_H 1
| #define HAVE_STDLIB_H 1
| #define HAVE_STRING_H 1
| #define HAVE_MEMORY_H 1
| #define HAVE_STRINGS_H 1
| #define HAVE_INTTYPES_H 1
| #define HAVE_STDINT_H 1
| #define HAVE_UNISTD_H 1
| #define HAVE_CTYPE_H 1
| #define HAVE_STDDEF_H 1
| #define HAVE_STRING_H 1
| #define HAVE_STDIO_H 1
| #define SIZEOF_INT 4
| #define SIZEOF_LONG 4
| #define STDC_HEADERS 1
| /* end confdefs.h.  */
| #include <sys/types.h>
| #include <sys/param.h>
| 
| int
| main ()
| {
| #if BYTE_ORDER != BIG_ENDIAN
|  not big endian
| #endif
| 
|   ;
|   return 0;
| }
configure:7773: result: no
configure:7894: creating ./config.status

## ---------------------- ##
## Running config.status. ##
## ---------------------- ##

This file was extended by libdecnumber config.status  , which was
generated by GNU Autoconf 2.59.  Invocation command line was

  CONFIG_FILES    = 
  CONFIG_HEADERS  = 
  CONFIG_LINKS    = 
  CONFIG_COMMANDS = 
  $ ./config.status 

on Machine

config.status:694: creating Makefile
config.status:790: creating config.h
config.status:1068: executing gstdint.h commands

## ---------------- ##
## Cache variables. ##
## ---------------- ##

ac_cv_build=i686-pc-linux-gnu
ac_cv_build_alias=i686-pc-linux-gnu
ac_cv_c_bigendian=no
ac_cv_c_compiler_gnu=yes
ac_cv_c_const=yes
ac_cv_env_CC_set=set
ac_cv_env_CC_value=gcc
ac_cv_env_CFLAGS_set=set
ac_cv_env_CFLAGS_value='-g -O2'
ac_cv_env_CPPFLAGS_set=
ac_cv_env_CPPFLAGS_value=
ac_cv_env_CPP_set=
ac_cv_env_CPP_value=
ac_cv_env_LDFLAGS_set=set
ac_cv_env_LDFLAGS_value=
ac_cv_env_build_alias_set=set
ac_cv_env_build_alias_value=i686-pc-linux-gnu
ac_cv_env_host_alias_set=set
ac_cv_env_host_alias_value=i686-pc-linux-gnu
ac_cv_env_target_alias_set=set
ac_cv_env_target_alias_value=i686-pc-linux-gnu
ac_cv_exeext=
ac_cv_header_ctype_h=yes
ac_cv_header_inttypes_h=yes
ac_cv_header_memory_h=yes
ac_cv_header_stdc=yes
ac_cv_header_stddef_h=yes
ac_cv_header_stdint_h=yes
ac_cv_header_stdio_h=yes
ac_cv_header_stdlib_h=yes
ac_cv_header_string_h=yes
ac_cv_header_strings_h=yes
ac_cv_header_sys_stat_h=yes
ac_cv_header_sys_types_h=yes
ac_cv_header_unistd_h=yes
ac_cv_host=i686-pc-linux-gnu
ac_cv_host_alias=i686-pc-linux-gnu
ac_cv_objext=o
ac_cv_prog_CC=gcc
ac_cv_prog_CPP='gcc -E'
ac_cv_prog_RANLIB=ranlib
ac_cv_prog_cc_g=yes
ac_cv_prog_cc_stdc=
ac_cv_prog_egrep='grep -E'
ac_cv_prog_make__usr_bin_make_set=yes
ac_cv_sizeof_int=4
ac_cv_sizeof_long=4
ac_cv_target=i686-pc-linux-gnu
ac_cv_target_alias=i686-pc-linux-gnu
ac_cv_type_int=yes
ac_cv_type_int_fast32_t=yes
ac_cv_type_int_least32_t=yes
ac_cv_type_long=yes
ac_cv_type_off_t=yes
ac_cv_type_u_int64_t=no
ac_cv_type_uint64_t=yes
ac_cv_type_uintmax_t=yes
ac_cv_type_uintptr_t=yes
acx_cv_header_stdint=stdint.h
acx_cv_header_stdint_kind='(already complete)'
acx_cv_prog_cc_pedantic__Wno_long_long=yes
acx_cv_prog_cc_warning__W=yes
acx_cv_prog_cc_warning__Wall=yes
acx_cv_prog_cc_warning__Wcast_qual=yes
acx_cv_prog_cc_warning__Wmissing_format_attribute=yes
acx_cv_prog_cc_warning__Wmissing_prototypes=yes
acx_cv_prog_cc_warning__Wold_style_definition=yes
acx_cv_prog_cc_warning__Wstrict_prototypes=yes
acx_cv_prog_cc_warning__Wwrite_strings=yes

## ----------------- ##
## Output variables. ##
## ----------------- ##

ACLOCAL='/home/lee/missing aclocal'
ADDITIONAL_OBJS=' $(bid_OBJS)'
AUTOCONF='/home/lee/missing autoconf'
AUTOHEADER='/home/lee/missing autoheader'
CC='gcc'
CFLAGS='-g -O2'
CPP='gcc -E'
CPPFLAGS=''
DEFS='-DHAVE_CONFIG_H'
ECHO_C=''
ECHO_N='-n'
ECHO_T=''
EGREP='grep -E'
EXEEXT=''
LDFLAGS=''
LIBOBJS=''
LIBS=''
LTLIBOBJS=''
MAINT='#'
OBJEXT='o'
PACKAGE_BUGREPORT='gcc-bugs@gcc.gnu.org'
PACKAGE_NAME='libdecnumber'
PACKAGE_STRING='libdecnumber  '
PACKAGE_TARNAME='libdecnumber'
PACKAGE_VERSION=' '
PATH_SEPARATOR=':'
RANLIB='ranlib'
SET_MAKE=''
SHELL='/bin/bash'
WARN_CFLAGS='-W -Wall -Wwrite-strings -Wstrict-prototypes -Wmissing-prototypes -Wold-style-definition -Wmissing-format-attribute -Wcast-qual'
WARN_PEDANTIC='-pedantic -Wno-long-long'
WERROR=''
ac_ct_CC=''
ac_ct_RANLIB=''
bindir='${exec_prefix}/bin'
build='i686-pc-linux-gnu'
build_alias='i686-pc-linux-gnu'
build_cpu='i686'
build_os='linux-gnu'
build_vendor='pc'
datadir='${prefix}/share'
enable_decimal_float='bid'
exec_prefix='${prefix}'
host='i686-pc-linux-gnu'
host_alias='i686-pc-linux-gnu'
host_cpu='i686'
host_os='linux-gnu'
host_vendor='pc'
includedir='${prefix}/include'
infodir='${prefix}/info'
libdir='${exec_prefix}/lib'
libexecdir='${exec_prefix}/libexec'
localstatedir='${prefix}/var'
mandir='${prefix}/man'
oldincludedir='/usr/include'
prefix='/usr/local'
program_transform_name='s,$,-code-assist,'
sbindir='${exec_prefix}/sbin'
sharedstatedir='${prefix}/com'
sysconfdir='${prefix}/etc'
target='i686-pc-linux-gnu'
target_alias='i686-pc-linux-gnu'
target_cpu='i686'
target_os='linux-gnu'
target_vendor='pc'

## ----------- ##
## confdefs.h. ##
## ----------- ##

#define HAVE_CTYPE_H 1
#define HAVE_INTTYPES_H 1
#define HAVE_MEMORY_H 1
#define HAVE_STDDEF_H 1
#define HAVE_STDINT_H 1
#define HAVE_STDIO_H 1
#define HAVE_STDLIB_H 1
#define HAVE_STRINGS_H 1
#define HAVE_STRING_H 1
#define HAVE_STRING_H 1
#define HAVE_SYS_STAT_H 1
#define HAVE_SYS_TYPES_H 1
#define HAVE_UNISTD_H 1
#define PACKAGE_BUGREPORT "gcc-bugs@gcc.gnu.org"
#define PACKAGE_NAME "libdecnumber"
#define PACKAGE_STRING "libdecnumber  "
#define PACKAGE_TARNAME "libdecnumber"
#define PACKAGE_VERSION " "
#define SIZEOF_INT 4
#define SIZEOF_LONG 4
#define STDC_HEADERS 1
#define STDC_HEADERS 1

configure: exit 0
